<?xml version="1.0" encoding="UTF-8"?>
<!-- Generated by org.testng.reporters.JUnitXMLReporter -->
<testsuite ignored="0" hostname="DESKTOP-05SN7AB" failures="0" tests="5" name="ChromeTest" time="94.648" errors="0" timestamp="2023-03-03T14:14:11 IST">
  <testcase classname="allCrossBrowserCodes.PaaytmTestNGPaytmRecharge" name="test" time="2.91"/>
  <testcase classname="allCrossBrowserCodes.PaaytmTestNGPaytmRecharge" name="test2" time="2.325"/>
  <testcase classname="allCrossBrowserCodes.PaytmBookFlight" name="test" time="12.394"/>
  <testcase classname="allCrossBrowserCodes.PaytmBuyInsuranceLifeAndTerm" name="test1" time="7.201"/>
  <testcase classname="allCrossBrowserCodes.PaytmBuyInsuranceLifeAndTerm" name="test2" time="7.725"/>
</testsuite> <!-- ChromeTest -->
