<?xml version="1.0" encoding="UTF-8"?>
<!-- Generated by org.testng.reporters.JUnitXMLReporter -->
<testsuite ignored="0" hostname="DESKTOP-05SN7AB" failures="0" tests="5" name="FirefoxTest" time="111.206" errors="0" timestamp="2023-03-03T14:16:02 IST">
  <testcase classname="allCrossBrowserCodes.PaaytmTestNGPaytmRecharge" name="test" time="0.957"/>
  <testcase classname="allCrossBrowserCodes.PaaytmTestNGPaytmRecharge" name="test2" time="2.344"/>
  <testcase classname="allCrossBrowserCodes.PaytmBookFlight" name="test" time="8.58"/>
  <testcase classname="allCrossBrowserCodes.PaytmBuyInsuranceLifeAndTerm" name="test1" time="7.412"/>
  <testcase classname="allCrossBrowserCodes.PaytmBuyInsuranceLifeAndTerm" name="test2" time="6.458"/>
</testsuite> <!-- FirefoxTest -->
