<?xml version="1.0" encoding="UTF-8"?>
<!-- Generated by org.testng.reporters.JUnitXMLReporter -->
<testsuite ignored="1" hostname="DESKTOP-05SN7AB" failures="0" tests="1" name="ChromeTest(failed)" time="33.967" errors="0" timestamp="2023-03-03T12:13:02 IST">
  <testcase classname="allCrossBrowserCodes.PaytmBuyInsuranceLifeAndTerm" name="test2" time="11.054"/>
  <testcase classname="allCrossBrowserCodes.PaytmBuyInsuranceLifeAndTerm" name="test1" time="0.0">
    <ignored/>
  </testcase> <!-- test1 -->
</testsuite> <!-- ChromeTest(failed) -->
