<?xml version="1.0" encoding="UTF-8"?>
<!-- Generated by org.testng.reporters.JUnitXMLReporter -->
<testsuite ignored="0" hostname="DESKTOP-05SN7AB" failures="0" tests="2" name="FirefoxTest(failed)" time="19.083" errors="0" timestamp="2023-03-03T12:13:21 IST">
  <testcase classname="allCrossBrowserCodes.PaaytmTestNGPaytmRecharge" name="test" time="1.11"/>
  <testcase classname="allCrossBrowserCodes.PaaytmTestNGPaytmRecharge" name="test2" time="1.269"/>
</testsuite> <!-- FirefoxTest(failed) -->
