<?xml version="1.0" encoding="UTF-8"?>
<!-- Generated by org.testng.reporters.JUnitXMLReporter -->
<testsuite ignored="0" hostname="DESKTOP-05SN7AB" failures="0" tests="4" name="ChromeTest" time="69.295" errors="0" timestamp="2023-02-26T13:07:24 IST">
  <testcase classname="testNGTestCaseFacebook.TermLinkVerificationTestNG" name="test" time="4.093"/>
  <testcase classname="testNGTestCaseFacebook.TermLinkVerificationTestNG" name="test2" time="10.773"/>
  <testcase classname="testNGTestCaseFacebook.TermLinkVerificationTestNG" name="test3" time="3.616"/>
  <testcase classname="testNGTestCaseFacebook.TestNGFacebokLoginFriendRequest" name="test" time="4.598"/>
</testsuite> <!-- ChromeTest -->
