<?xml version="1.0" encoding="UTF-8"?>
<!-- Generated by org.testng.reporters.JUnitXMLReporter -->
<testsuite ignored="0" hostname="DESKTOP-05SN7AB" failures="0" tests="4" name="Test" time="0.06" errors="0" timestamp="2023-02-24T09:39:35 IST">
  <testcase classname="TestNG_Demo_Suit.TestClass_3T" name="test_A" time="0.007"/>
  <testcase classname="TestNG_Demo_Suit.TestClass_3T" name="test_B" time="0.001"/>
  <testcase classname="TestNG_Demo_Suit.TestClass_4T" name="test_1" time="0.001"/>
  <testcase classname="TestNG_Demo_Suit.TestClass_4T" name="test_2" time="0.002"/>
</testsuite> <!-- Test -->
