<?xml version="1.0" encoding="UTF-8"?>
<!-- Generated by org.testng.reporters.JUnitXMLReporter -->
<testsuite ignored="0" hostname="DESKTOP-05SN7AB" failures="0" tests="4" name="Test2" time="0.034" errors="0" timestamp="2023-02-24T10:31:13 IST">
  <testcase classname="TestNG_Demo_Suit.TestClass_3T" name="test_A" time="0.001"/>
  <testcase classname="TestNG_Demo_Suit.TestClass_3T" name="test_B" time="0.004"/>
  <testcase classname="TestNG_Demo_Suit.TestClass_4T" name="test_1" time="0.002"/>
  <testcase classname="TestNG_Demo_Suit.TestClass_4T" name="test_2" time="0.002"/>
</testsuite> <!-- Test2 -->
