<?xml version="1.0" encoding="UTF-8"?>
<!-- Generated by org.testng.reporters.JUnitXMLReporter -->
<testsuite ignored="1" hostname="DESKTOP-05SN7AB" failures="0" tests="1" name="FirefoxTest(failed)(failed)" time="13.177" errors="0" timestamp="2023-03-03T09:58:34 IST">
  <testcase classname="allCrossBrowserCodes.PaaytmTestNGPaytmRecharge" name="test2" time="2.304"/>
  <testcase classname="allCrossBrowserCodes.PaaytmTestNGPaytmRecharge" name="test" time="0.0">
    <ignored/>
  </testcase> <!-- test -->
</testsuite> <!-- FirefoxTest(failed)(failed) -->
