<?xml version="1.0" encoding="UTF-8"?>
<!-- Generated by org.testng.reporters.JUnitXMLReporter -->
<testsuite ignored="1" hostname="DESKTOP-05SN7AB" failures="0" tests="1" name="Default test" time="96.913" errors="0" timestamp="2023-03-03T14:05:26 IST">
  <testcase classname="allCrossBrowserCodes.PaaytmTestNGPaytmRecharge" name="test2" time="3.28"/>
  <testcase classname="allCrossBrowserCodes.PaaytmTestNGPaytmRecharge" name="test" time="0.0">
    <ignored/>
  </testcase> <!-- test -->
</testsuite> <!-- Default test -->
